<?xml version="1.0" encoding="UTF-8"?>
<coverage generated="1574537853370" clover="3.2.0">
  <project timestamp="1574537853370" name="All files">
    <metrics statements="6" coveredstatements="3" conditionals="0" coveredconditionals="0" methods="2" coveredmethods="0" elements="8" coveredelements="3" complexity="0" loc="6" ncloc="6" packages="1" files="1" classes="1"/>
    <file name="index.js" path="C:\! Programacion\Front End\Laboratoria\Proyectos\PROYECTO 4 - MD-LINKS\SCL011-MD-Links\index.js">
      <metrics statements="6" coveredstatements="3" conditionals="0" coveredconditionals="0" methods="2" coveredmethods="0"/>
      <line num="1" count="1" type="stmt"/>
      <line num="2" count="1" type="stmt"/>
      <line num="4" count="1" type="stmt"/>
      <line num="9" count="0" type="stmt"/>
      <line num="10" count="0" type="stmt"/>
      <line num="11" count="0" type="stmt"/>
    </file>
  </project>
</coverage>
