{"C:\\! Programacion\\Front End\\Laboratoria\\Proyectos\\PROYECTO 4 - MD-LINKS\\SCL011-MD-Links\\index.js": {"path":"C:\\! Programacion\\Front End\\Laboratoria\\Proyectos\\PROYECTO 4 - MD-LINKS\\SCL011-MD-Links\\index.js","statementMap":{"0":{"start":{"line":1,"column":11},"end":{"line":1,"column":24}},"1":{"start":{"line":2,"column":13},"end":{"line":2,"column":28}},"2":{"start":{"line":4,"column":0},"end":{"line":6,"column":2}},"3":{"start":{"line":9,"column":18},"end":{"line":9,"column":24}},"4":{"start":{"line":10,"column":2},"end":{"line":12,"column":3}},"5":{"start":{"line":10,"column":15},"end":{"line":10,"column":16}},"6":{"start":{"line":11,"column":4},"end":{"line":11,"column":25}}},"fnMap":{"0":{"name":"(anonymous_0)","decl":{"start":{"line":4,"column":17},"end":{"line":4,"column":18}},"loc":{"start":{"line":4,"column":23},"end":{"line":6,"column":1}},"line":4},"1":{"name":"showMessage","decl":{"start":{"line":8,"column":9},"end":{"line":8,"column":20}},"loc":{"start":{"line":8,"column":23},"end":{"line":13,"column":1}},"line":8}},"branchMap":{},"s":{"0":1,"1":1,"2":1,"3":0,"4":0,"5":0,"6":0},"f":{"0":0,"1":0},"b":{},"_coverageSchema":"43e27e138ebf9cfc5966b082cf9a028302ed4184","hash":"fe682344252232b7fc46d6fa07101bdd3de78bf6"}
}
